Arguments: 
  C:\DEV\nodejs\node.exe C:\Users\macsa\AppData\Roaming\npm\node_modules\yarn\bin\yarn.js

PATH: 
  C:\Users\macsa\bin;C:\DEV\Git\mingw64\bin;C:\DEV\Git\usr\local\bin;C:\DEV\Git\usr\bin;C:\DEV\Git\usr\bin;C:\DEV\Git\mingw64\bin;C:\DEV\Git\usr\bin;C:\Users\macsa\bin;C:\Program Files\WindowsApps\Microsoft.WindowsTerminal_1.15.3466.0_x64__8wekyb3d8bbwe;C:\Windows\system32;C:\Windows;C:\Windows\System32\Wbem;C:\Windows\System32\WindowsPowerShell\v1.0;C:\Windows\System32\OpenSSH;C:\DEV\nodejs;C:\DEV\Go\bin;C:\Program Files\Docker\Docker\resources\bin;C:\DEV\Git\cmd;C:\Program Files\Cloudflare\Cloudflare WARP;C:\Users\macsa\scoop\shims;C:\Users\macsa\AppData\Local\pnpm;C:\Users\macsa\AppData\Local\Microsoft\WindowsApps;C:\Users\macsa\AppData\Roaming\npm;C:\Users\macsa\go\bin;D:\ProgramFile\Microsoft VS Code\bin;C:\Users\macsa\AppData\Local\Programs\oh-my-posh\bin;C:\DEV\Git\usr\bin\vendor_perl;C:\DEV\Git\usr\bin\core_perl

Yarn version: 
  1.22.19

Node version: 
  18.12.1

Platform: 
  win32 x64

Trace: 
  Error: connect ECONNABORTED 104.16.17.35:443
      at TCPConnectWrap.afterConnect [as oncomplete] (node:net:1300:16)

npm manifest: 
  {
  	"name": "just-sail-it-ui",
  	"version": "0.0.1",
  	"private": true,
  	"scripts": {
  		"dev": "vite dev",
  		"build": "vite build",
  		"preview": "vite preview",
  		"check": "svelte-kit sync && svelte-check --tsconfig ./tsconfig.json",
  		"check:watch": "svelte-kit sync && svelte-check --tsconfig ./tsconfig.json --watch",
  		"lint": "prettier --plugin-search-dir . --check . && eslint .",
  		"format": "prettier --plugin-search-dir . --write ."
  	},
  	"devDependencies": {
  		"@sveltejs/adapter-auto": "^1.0.0",
  		"@sveltejs/kit": "^1.0.0",
  		"@typescript-eslint/eslint-plugin": "^5.45.0",
  		"@typescript-eslint/parser": "^5.45.0",
  		"eslint": "^8.28.0",
  		"eslint-config-prettier": "^8.5.0",
  		"eslint-plugin-svelte3": "^4.0.0",
  		"prettier": "^2.8.0",
  		"prettier-plugin-svelte": "^2.8.1",
  		"svelte": "^3.54.0",
  		"svelte-check": "^3.0.1",
  		"tslib": "^2.4.1",
  		"typescript": "^4.9.3",
  		"vite": "^4.0.0"
  	},
  	"type": "module"
  }

yarn manifest: 
  No manifest

Lockfile: 
  No lockfile
